c:\users\jgote\source\repos\luisbassoco practicascg\luisbassoco practicascg\debug\vc143.pdb
c:\users\jgote\source\repos\luisbassoco practicascg\luisbassoco practicascg\debug\vc143.idb
c:\users\jgote\source\repos\luisbassoco practicascg\luisbassoco practicascg\debug\main_prac02.obj
c:\users\jgote\source\repos\luisbassoco practicascg\luisbassoco practicascg\debug\glad.obj
c:\users\jgote\source\repos\luisbassoco practicascg\luisbassoco practicascg\debug\extra.obj
c:\users\jgote\source\repos\luisbassoco practicascg\debug\luisbassoco practicascg.exe
c:\users\jgote\source\repos\luisbassoco practicascg\luisbassoco practicascg\debug\luisbassoco practicascg.ilk
c:\users\jgote\source\repos\luisbassoco practicascg\debug\luisbassoco practicascg.pdb
c:\users\jgote\source\repos\luisbassoco practicascg\luisbassoco practicascg\debug\23.10proyecto .obj
c:\users\jgote\source\repos\luisbassoco practicascg\luisbassoco practicascg\debug\animacion2.obj
c:\users\jgote\source\repos\luisbassoco practicascg\luisbassoco practicascg\debug\carita.obj
c:\users\jgote\source\repos\luisbassoco practicascg\luisbassoco practicascg\debug\extraanimacion.obj
c:\users\jgote\source\repos\luisbassoco practicascg\luisbassoco practicascg\debug\final.obj
c:\users\jgote\source\repos\luisbassoco practicascg\luisbassoco practicascg\debug\main_prac01.obj
c:\users\jgote\source\repos\luisbassoco practicascg\luisbassoco practicascg\debug\main_prac04.obj
c:\users\jgote\source\repos\luisbassoco practicascg\luisbassoco practicascg\debug\main_prac05.obj
c:\users\jgote\source\repos\luisbassoco practicascg\luisbassoco practicascg\debug\main_prac06.obj
c:\users\jgote\source\repos\luisbassoco practicascg\luisbassoco practicascg\debug\p3pruebas.obj
c:\users\jgote\source\repos\luisbassoco practicascg\luisbassoco practicascg\debug\prac8.obj
c:\users\jgote\source\repos\luisbassoco practicascg\luisbassoco practicascg\debug\practica7.obj
c:\users\jgote\source\repos\luisbassoco practicascg\luisbassoco practicascg\debug\practica8.obj
c:\users\jgote\source\repos\luisbassoco practicascg\luisbassoco practicascg\debug\practicaanimacion.obj
c:\users\jgote\source\repos\luisbassoco practicascg\luisbassoco practicascg\debug\proyecto archivo.obj
c:\users\jgote\source\repos\luisbassoco practicascg\luisbassoco practicascg\debug\proyecto.obj
c:\users\jgote\source\repos\luisbassoco practicascg\luisbassoco practicascg\debug\luisbass.d2ce1b84.tlog\cl.command.1.tlog
c:\users\jgote\source\repos\luisbassoco practicascg\luisbassoco practicascg\debug\luisbass.d2ce1b84.tlog\cl.items.tlog
c:\users\jgote\source\repos\luisbassoco practicascg\luisbassoco practicascg\debug\luisbass.d2ce1b84.tlog\cl.read.1.tlog
c:\users\jgote\source\repos\luisbassoco practicascg\luisbassoco practicascg\debug\luisbass.d2ce1b84.tlog\cl.write.1.tlog
c:\users\jgote\source\repos\luisbassoco practicascg\luisbassoco practicascg\debug\luisbass.d2ce1b84.tlog\link.command.1.tlog
c:\users\jgote\source\repos\luisbassoco practicascg\luisbassoco practicascg\debug\luisbass.d2ce1b84.tlog\link.read.1.tlog
c:\users\jgote\source\repos\luisbassoco practicascg\luisbassoco practicascg\debug\luisbass.d2ce1b84.tlog\link.write.1.tlog
